<?xml version="1.0" encoding="UTF-8"?>
<robot generator="Robot 4.1 (Python 3.9.6 on win32)" generated="20211125 00:33:25.363" rpa="false" schemaversion="2">
<suite id="s1" name="Home" source="C:\qaninja\twp\home.robot">
<test id="s1-t1" name="Deve acessar a homepage">
<kw name="Set Appium Timeout" library="AppiumLibrary">
<arg>5</arg>
<doc>Sets the timeout in seconds used by various keywords.</doc>
<status status="PASS" starttime="20211125 00:33:25.563" endtime="20211125 00:33:25.563"/>
</kw>
<kw name="Open Application" library="AppiumLibrary">
<arg>http://localhost:4723/wd/hub</arg>
<arg>automationName=UiAutomator2</arg>
<arg>platformName=Android</arg>
<arg>deviceName=Emulator</arg>
<arg>app=${EXECDIR}/app/twp.apk</arg>
<doc>Opens a new application to given Appium server.
Capabilities of appium server, Android and iOS,
Please check https://github.com/appium/appium/blob/master/docs/en/writing-running-appium/server-args.md
| *Option*            | *Man.* | *Description*     |
| remote_url          | Yes    | Appium server url |
| alias               | no     | alias             |</doc>
<status status="PASS" starttime="20211125 00:33:25.564" endtime="20211125 00:33:42.658"/>
</kw>
<kw name="Wait Until Page Contains" library="AppiumLibrary">
<arg>Allow</arg>
<arg>10</arg>
<doc>Waits until `text` appears on current page.</doc>
<status status="PASS" starttime="20211125 00:33:42.659" endtime="20211125 00:33:46.887"/>
</kw>
<kw name="Click Element" library="AppiumLibrary">
<arg>com.android.packageinstaller:id/permission_allow_button</arg>
<doc>Click element identified by `locator`.</doc>
<msg timestamp="20211125 00:33:46.889" level="INFO">Clicking element 'com.android.packageinstaller:id/permission_allow_button'.</msg>
<status status="PASS" starttime="20211125 00:33:46.888" endtime="20211125 00:33:47.021"/>
</kw>
<kw name="Wait Until Page Contains" library="AppiumLibrary">
<arg>Entrar</arg>
<arg>10</arg>
<doc>Waits until `text` appears on current page.</doc>
<status status="PASS" starttime="20211125 00:33:47.022" endtime="20211125 00:33:48.406"/>
</kw>
<kw name="Click Text" library="AppiumLibrary">
<arg>Entrar</arg>
<doc>Click text identified by ``text``.</doc>
<status status="PASS" starttime="20211125 00:33:48.406" endtime="20211125 00:33:48.770"/>
</kw>
<kw name="Wait Until Element Is Visible" library="AppiumLibrary">
<arg>${EMAIL_FIELD}</arg>
<doc>Waits until element specified with `locator` is visible.</doc>
<status status="PASS" starttime="20211125 00:33:48.771" endtime="20211125 00:33:50.269"/>
</kw>
<kw name="Click Element" library="AppiumLibrary">
<arg>${EMAIL_FIELD}</arg>
<doc>Click element identified by `locator`.</doc>
<msg timestamp="20211125 00:33:50.271" level="INFO">Clicking element 'xpath=/hierarchy/android.widget.FrameLayout/android.widget.LinearLayout/android.widget.FrameLayout/android.widget.LinearLayout/android.widget.FrameLayout/android.widget.FrameLayout/android.view.ViewGroup/android.view.ViewGroup/android.view.ViewGroup/android.widget.FrameLayout/android.view.ViewGroup/android.view.ViewGroup/android.view.ViewGroup[2]/android.view.ViewGroup/android.view.ViewGroup/android.view.ViewGroup/android.widget.FrameLayout/android.view.ViewGroup/android.view.ViewGroup/android.view.ViewGroup[2]/android.view.ViewGroup/android.view.ViewGroup/android.view.ViewGroup/android.widget.ScrollView/android.view.ViewGroup/android.view.ViewGroup[1]/android.widget.EditText'.</msg>
<status status="PASS" starttime="20211125 00:33:50.270" endtime="20211125 00:33:50.379"/>
</kw>
<kw name="Input Text" library="AppiumLibrary">
<arg>${EMAIL_FIELD}</arg>
<arg>contactmatheuspereira@gmail.com</arg>
<doc>Types the given `text` into text field identified by `locator`.</doc>
<msg timestamp="20211125 00:33:50.380" level="INFO">Typing text 'contactmatheuspereira@gmail.com' into text field 'xpath=/hierarchy/android.widget.FrameLayout/android.widget.LinearLayout/android.widget.FrameLayout/android.widget.LinearLayout/android.widget.FrameLayout/android.widget.FrameLayout/android.view.ViewGroup/android.view.ViewGroup/android.view.ViewGroup/android.widget.FrameLayout/android.view.ViewGroup/android.view.ViewGroup/android.view.ViewGroup[2]/android.view.ViewGroup/android.view.ViewGroup/android.view.ViewGroup/android.widget.FrameLayout/android.view.ViewGroup/android.view.ViewGroup/android.view.ViewGroup[2]/android.view.ViewGroup/android.view.ViewGroup/android.view.ViewGroup/android.widget.ScrollView/android.view.ViewGroup/android.view.ViewGroup[1]/android.widget.EditText'</msg>
<status status="PASS" starttime="20211125 00:33:50.379" endtime="20211125 00:33:52.404"/>
</kw>
<kw name="Wait Until Page Contains" library="AppiumLibrary">
<arg>Senha*</arg>
<arg>5</arg>
<doc>Waits until `text` appears on current page.</doc>
<status status="PASS" starttime="20211125 00:33:52.405" endtime="20211125 00:33:53.126"/>
</kw>
<kw name="Click Element" library="AppiumLibrary">
<arg>${PASSWORD_FIELD}</arg>
<doc>Click element identified by `locator`.</doc>
<msg timestamp="20211125 00:33:53.128" level="INFO">Clicking element 'xpath=/hierarchy/android.widget.FrameLayout/android.widget.LinearLayout/android.widget.FrameLayout/android.widget.LinearLayout/android.widget.FrameLayout/android.widget.FrameLayout/android.view.ViewGroup/android.view.ViewGroup/android.view.ViewGroup/android.widget.FrameLayout/android.view.ViewGroup/android.view.ViewGroup/android.view.ViewGroup[2]/android.view.ViewGroup/android.view.ViewGroup/android.view.ViewGroup/android.widget.FrameLayout/android.view.ViewGroup/android.view.ViewGroup/android.view.ViewGroup[2]/android.view.ViewGroup/android.view.ViewGroup/android.view.ViewGroup/android.widget.ScrollView/android.view.ViewGroup/android.view.ViewGroup[2]/android.widget.EditText'.</msg>
<status status="PASS" starttime="20211125 00:33:53.126" endtime="20211125 00:33:53.266"/>
</kw>
<kw name="Input Text" library="AppiumLibrary">
<arg>${PASSWORD_FIELD}</arg>
<arg>190201mM</arg>
<doc>Types the given `text` into text field identified by `locator`.</doc>
<msg timestamp="20211125 00:33:53.268" level="INFO">Typing text '190201mM' into text field 'xpath=/hierarchy/android.widget.FrameLayout/android.widget.LinearLayout/android.widget.FrameLayout/android.widget.LinearLayout/android.widget.FrameLayout/android.widget.FrameLayout/android.view.ViewGroup/android.view.ViewGroup/android.view.ViewGroup/android.widget.FrameLayout/android.view.ViewGroup/android.view.ViewGroup/android.view.ViewGroup[2]/android.view.ViewGroup/android.view.ViewGroup/android.view.ViewGroup/android.widget.FrameLayout/android.view.ViewGroup/android.view.ViewGroup/android.view.ViewGroup[2]/android.view.ViewGroup/android.view.ViewGroup/android.view.ViewGroup/android.widget.ScrollView/android.view.ViewGroup/android.view.ViewGroup[2]/android.widget.EditText'</msg>
<status status="PASS" starttime="20211125 00:33:53.267" endtime="20211125 00:33:54.707"/>
</kw>
<kw name="Wait Until Page Contains" library="AppiumLibrary">
<arg>Entrar</arg>
<arg>10</arg>
<doc>Waits until `text` appears on current page.</doc>
<status status="PASS" starttime="20211125 00:33:54.707" endtime="20211125 00:33:54.948"/>
</kw>
<kw name="Click Element" library="AppiumLibrary">
<arg>${ENTER_BTN}</arg>
<doc>Click element identified by `locator`.</doc>
<msg timestamp="20211125 00:33:54.950" level="INFO">Clicking element 'xpath=/hierarchy/android.widget.FrameLayout/android.widget.LinearLayout/android.widget.FrameLayout/android.widget.LinearLayout/android.widget.FrameLayout/android.widget.FrameLayout/android.view.ViewGroup/android.view.ViewGroup/android.view.ViewGroup/android.widget.FrameLayout/android.view.ViewGroup/android.view.ViewGroup/android.view.ViewGroup[2]/android.view.ViewGroup/android.view.ViewGroup/android.view.ViewGroup/android.widget.FrameLayout/android.view.ViewGroup/android.view.ViewGroup/android.view.ViewGroup[2]/android.view.ViewGroup/android.view.ViewGroup/android.view.ViewGroup/android.widget.ScrollView/android.view.ViewGroup/android.view.ViewGroup[4]'.</msg>
<status status="PASS" starttime="20211125 00:33:54.948" endtime="20211125 00:33:55.332"/>
</kw>
<kw name="Click Text" library="AppiumLibrary">
<arg>Entrar</arg>
<arg>5</arg>
<doc>Click text identified by ``text``.</doc>
<status status="PASS" starttime="20211125 00:33:55.332" endtime="20211125 00:33:55.994"/>
</kw>
<kw name="Click Element" library="AppiumLibrary">
<arg>${ENTER_BTN}</arg>
<doc>Click element identified by `locator`.</doc>
<msg timestamp="20211125 00:33:55.997" level="INFO">Clicking element 'xpath=/hierarchy/android.widget.FrameLayout/android.widget.LinearLayout/android.widget.FrameLayout/android.widget.LinearLayout/android.widget.FrameLayout/android.widget.FrameLayout/android.view.ViewGroup/android.view.ViewGroup/android.view.ViewGroup/android.widget.FrameLayout/android.view.ViewGroup/android.view.ViewGroup/android.view.ViewGroup[2]/android.view.ViewGroup/android.view.ViewGroup/android.view.ViewGroup/android.widget.FrameLayout/android.view.ViewGroup/android.view.ViewGroup/android.view.ViewGroup[2]/android.view.ViewGroup/android.view.ViewGroup/android.view.ViewGroup/android.widget.ScrollView/android.view.ViewGroup/android.view.ViewGroup[4]'.</msg>
<status status="PASS" starttime="20211125 00:33:55.995" endtime="20211125 00:33:56.075"/>
</kw>
<status status="PASS" starttime="20211125 00:33:25.563" endtime="20211125 00:33:56.075"/>
</test>
<status status="PASS" starttime="20211125 00:33:25.367" endtime="20211125 00:33:56.076"/>
</suite>
<statistics>
<total>
<stat pass="1" fail="0" skip="0">All Tests</stat>
</total>
<tag>
</tag>
<suite>
<stat pass="1" fail="0" skip="0" id="s1" name="Home">Home</stat>
</suite>
</statistics>
<errors>
</errors>
</robot>
