<?xml version="1.0" encoding="UTF-8"?>
<robot generator="Robot 4.1 (Python 3.9.6 on win32)" generated="20211123 23:00:48.193" rpa="false" schemaversion="2">
<suite id="s1" name="Home" source="c:\qaninja\twp\home.robot">
<test id="s1-t1" name="Deve acessar a homepage">
<kw name="Set Appium Timeout" library="AppiumLibrary">
<arg>5</arg>
<doc>Sets the timeout in seconds used by various keywords.</doc>
<status status="PASS" starttime="20211123 23:00:48.355" endtime="20211123 23:00:48.355"/>
</kw>
<kw name="Get Started">
<arg>http://localhost:4723/wb/hub</arg>
<arg>automationName=UiAutomator2</arg>
<arg>platformName=Android</arg>
<arg>deviceName=Emulator</arg>
<arg>app=${EXECDIR}/app/twp.apk</arg>
<msg timestamp="20211123 23:00:48.357" level="FAIL">No keyword with name 'Get Started' found.</msg>
<status status="FAIL" starttime="20211123 23:00:48.357" endtime="20211123 23:00:48.357"/>
</kw>
<kw name="Get Started">
<status status="NOT RUN" starttime="20211123 23:00:48.359" endtime="20211123 23:00:48.359"/>
</kw>
<kw name="Wait Until Page Contains" library="AppiumLibrary">
<arg>Entrar</arg>
<arg>5</arg>
<doc>Waits until `text` appears on current page.</doc>
<status status="NOT RUN" starttime="20211123 23:00:48.359" endtime="20211123 23:00:48.359"/>
</kw>
<kw name="Click Text" library="AppiumLibrary">
<arg>Entrar</arg>
<doc>Click text identified by ``text``.</doc>
<status status="NOT RUN" starttime="20211123 23:00:48.359" endtime="20211123 23:00:48.359"/>
</kw>
<kw name="Wait Until Element Is Visible" library="AppiumLibrary">
<arg>xpath=/hierarchy/android.widget.FrameLayout/android.widget.LinearLayout/android.widget.FrameLayout/android.widget.LinearLayout/android.widget.FrameLayout/android.widget.FrameLayout/android.view.ViewGroup/android.view.ViewGroup/android.view.ViewGroup/android.widget.FrameLayout/android.view.ViewGroup/android.view.ViewGroup/android.view.ViewGroup[2]/android.view.ViewGroup/android.view.ViewGroup/android.view.ViewGroup/android.widget.FrameLayout/android.view.ViewGroup/android.view.ViewGroup/android.view.ViewGroup[2]/android.view.ViewGroup/android.view.ViewGroup/android.view.ViewGroup/android.widget.ScrollView/android.view.ViewGroup/android.view.ViewGroup[1]/android.widget.EditText</arg>
<doc>Waits until element specified with `locator` is visible.</doc>
<status status="NOT RUN" starttime="20211123 23:00:48.360" endtime="20211123 23:00:48.360"/>
</kw>
<kw name="Click Element" library="AppiumLibrary">
<arg>xpath=/hierarchy/android.widget.FrameLayout/android.widget.LinearLayout/android.widget.FrameLayout/android.widget.LinearLayout/android.widget.FrameLayout/android.widget.FrameLayout/android.view.ViewGroup/android.view.ViewGroup/android.view.ViewGroup/android.widget.FrameLayout/android.view.ViewGroup/android.view.ViewGroup/android.view.ViewGroup[2]/android.view.ViewGroup/android.view.ViewGroup/android.view.ViewGroup/android.widget.FrameLayout/android.view.ViewGroup/android.view.ViewGroup/android.view.ViewGroup[2]/android.view.ViewGroup/android.view.ViewGroup/android.view.ViewGroup/android.widget.ScrollView/android.view.ViewGroup/android.view.ViewGroup[1]/android.widget.EditText</arg>
<doc>Click element identified by `locator`.</doc>
<status status="NOT RUN" starttime="20211123 23:00:48.360" endtime="20211123 23:00:48.360"/>
</kw>
<kw name="Input Text" library="AppiumLibrary">
<arg>xpath=/hierarchy/android.widget.FrameLayout/android.widget.LinearLayout/android.widget.FrameLayout/android.widget.LinearLayout/android.widget.FrameLayout/android.widget.FrameLayout/android.view.ViewGroup/android.view.ViewGroup/android.view.ViewGroup/android.widget.FrameLayout/android.view.ViewGroup/android.view.ViewGroup/android.view.ViewGroup[2]/android.view.ViewGroup/android.view.ViewGroup/android.view.ViewGroup/android.widget.FrameLayout/android.view.ViewGroup/android.view.ViewGroup/android.view.ViewGroup[2]/android.view.ViewGroup/android.view.ViewGroup/android.view.ViewGroup/android.widget.ScrollView/android.view.ViewGroup/android.view.ViewGroup[1]/android.widget.EditText</arg>
<arg>contactmatheuspereira@gmail.com</arg>
<doc>Types the given `text` into text field identified by `locator`.</doc>
<status status="NOT RUN" starttime="20211123 23:00:48.360" endtime="20211123 23:00:48.360"/>
</kw>
<kw name="Input Text" library="AppiumLibrary">
<arg>xpath=/hierarchy/android.widget.FrameLayout/android.widget.LinearLayout/android.widget.FrameLayout/android.widget.LinearLayout/android.widget.FrameLayout/android.widget.FrameLayout/android.view.ViewGroup/android.view.ViewGroup/android.view.ViewGroup/android.widget.FrameLayout/android.view.ViewGroup/android.view.ViewGroup/android.view.ViewGroup[2]/android.view.ViewGroup/android.view.ViewGroup/android.view.ViewGroup/android.widget.FrameLayout/android.view.ViewGroup/android.view.ViewGroup/android.view.ViewGroup[2]/android.view.ViewGroup/android.view.ViewGroup/android.view.ViewGroup/android.widget.ScrollView/android.view.ViewGroup/android.view.ViewGroup[2]</arg>
<arg>190201mM</arg>
<doc>Types the given `text` into text field identified by `locator`.</doc>
<status status="NOT RUN" starttime="20211123 23:00:48.360" endtime="20211123 23:00:48.360"/>
</kw>
<kw name="Click Text" library="AppiumLibrary">
<arg>Entrar</arg>
<doc>Click text identified by ``text``.</doc>
<status status="NOT RUN" starttime="20211123 23:00:48.361" endtime="20211123 23:00:48.361"/>
</kw>
<status status="FAIL" starttime="20211123 23:00:48.354" endtime="20211123 23:00:48.361">No keyword with name 'Get Started' found.</status>
</test>
<status status="FAIL" starttime="20211123 23:00:48.194" endtime="20211123 23:00:48.362"/>
</suite>
<statistics>
<total>
<stat pass="0" fail="1" skip="0">All Tests</stat>
</total>
<tag>
</tag>
<suite>
<stat pass="0" fail="1" skip="0" id="s1" name="Home">Home</stat>
</suite>
</statistics>
<errors>
</errors>
</robot>
